c:\users\love\desktop\dacs_19.14b\doanlaptrinh_phanvanbinh_huynhthiailinh-20201223t085641z-001\doanlaptrinh_phanvanbinh_huynhthiailinh\doanlaptrinh_phanvanbinh_huynhthiailinh\debug\vc142.pdb
c:\users\love\desktop\dacs_19.14b\doanlaptrinh_phanvanbinh_huynhthiailinh-20201223t085641z-001\doanlaptrinh_phanvanbinh_huynhthiailinh\doanlaptrinh_phanvanbinh_huynhthiailinh\debug\vc142.idb
c:\users\love\desktop\dacs_19.14b\doanlaptrinh_phanvanbinh_huynhthiailinh-20201223t085641z-001\doanlaptrinh_phanvanbinh_huynhthiailinh\doanlaptrinh_phanvanbinh_huynhthiailinh\debug\teacherdbhelper.obj
c:\users\love\desktop\dacs_19.14b\doanlaptrinh_phanvanbinh_huynhthiailinh-20201223t085641z-001\doanlaptrinh_phanvanbinh_huynhthiailinh\doanlaptrinh_phanvanbinh_huynhthiailinh\debug\teacher.obj
c:\users\love\desktop\dacs_19.14b\doanlaptrinh_phanvanbinh_huynhthiailinh-20201223t085641z-001\doanlaptrinh_phanvanbinh_huynhthiailinh\doanlaptrinh_phanvanbinh_huynhthiailinh\debug\subjectdbhelper.obj
c:\users\love\desktop\dacs_19.14b\doanlaptrinh_phanvanbinh_huynhthiailinh-20201223t085641z-001\doanlaptrinh_phanvanbinh_huynhthiailinh\doanlaptrinh_phanvanbinh_huynhthiailinh\debug\subject.obj
c:\users\love\desktop\dacs_19.14b\doanlaptrinh_phanvanbinh_huynhthiailinh-20201223t085641z-001\doanlaptrinh_phanvanbinh_huynhthiailinh\doanlaptrinh_phanvanbinh_huynhthiailinh\debug\studentdbhelper.obj
c:\users\love\desktop\dacs_19.14b\doanlaptrinh_phanvanbinh_huynhthiailinh-20201223t085641z-001\doanlaptrinh_phanvanbinh_huynhthiailinh\doanlaptrinh_phanvanbinh_huynhthiailinh\debug\student.obj
c:\users\love\desktop\dacs_19.14b\doanlaptrinh_phanvanbinh_huynhthiailinh-20201223t085641z-001\doanlaptrinh_phanvanbinh_huynhthiailinh\doanlaptrinh_phanvanbinh_huynhthiailinh\debug\scheduledbhelper.obj
c:\users\love\desktop\dacs_19.14b\doanlaptrinh_phanvanbinh_huynhthiailinh-20201223t085641z-001\doanlaptrinh_phanvanbinh_huynhthiailinh\doanlaptrinh_phanvanbinh_huynhthiailinh\debug\schedule.obj
c:\users\love\desktop\dacs_19.14b\doanlaptrinh_phanvanbinh_huynhthiailinh-20201223t085641z-001\doanlaptrinh_phanvanbinh_huynhthiailinh\doanlaptrinh_phanvanbinh_huynhthiailinh\debug\registerdbhelper.obj
c:\users\love\desktop\dacs_19.14b\doanlaptrinh_phanvanbinh_huynhthiailinh-20201223t085641z-001\doanlaptrinh_phanvanbinh_huynhthiailinh\doanlaptrinh_phanvanbinh_huynhthiailinh\debug\register.obj
c:\users\love\desktop\dacs_19.14b\doanlaptrinh_phanvanbinh_huynhthiailinh-20201223t085641z-001\doanlaptrinh_phanvanbinh_huynhthiailinh\doanlaptrinh_phanvanbinh_huynhthiailinh\debug\person.obj
c:\users\love\desktop\dacs_19.14b\doanlaptrinh_phanvanbinh_huynhthiailinh-20201223t085641z-001\doanlaptrinh_phanvanbinh_huynhthiailinh\doanlaptrinh_phanvanbinh_huynhthiailinh\debug\main.obj
c:\users\love\desktop\dacs_19.14b\doanlaptrinh_phanvanbinh_huynhthiailinh-20201223t085641z-001\doanlaptrinh_phanvanbinh_huynhthiailinh\doanlaptrinh_phanvanbinh_huynhthiailinh\debug\dbhelper.obj
c:\users\love\desktop\dacs_19.14b\doanlaptrinh_phanvanbinh_huynhthiailinh-20201223t085641z-001\doanlaptrinh_phanvanbinh_huynhthiailinh\doanlaptrinh_phanvanbinh_huynhthiailinh\debug\classdbhelper.obj
c:\users\love\desktop\dacs_19.14b\doanlaptrinh_phanvanbinh_huynhthiailinh-20201223t085641z-001\doanlaptrinh_phanvanbinh_huynhthiailinh\doanlaptrinh_phanvanbinh_huynhthiailinh\debug\class.obj
c:\users\love\desktop\dacs_19.14b\doanlaptrinh_phanvanbinh_huynhthiailinh-20201223t085641z-001\doanlaptrinh_phanvanbinh_huynhthiailinh\debug\doanlaptrinh_phanvanbinh_huynhthiailinh.exe
c:\users\love\desktop\dacs_19.14b\doanlaptrinh_phanvanbinh_huynhthiailinh-20201223t085641z-001\doanlaptrinh_phanvanbinh_huynhthiailinh\debug\doanlaptrinh_phanvanbinh_huynhthiailinh.ilk
c:\users\love\desktop\dacs_19.14b\doanlaptrinh_phanvanbinh_huynhthiailinh-20201223t085641z-001\doanlaptrinh_phanvanbinh_huynhthiailinh\debug\doanlaptrinh_phanvanbinh_huynhthiailinh.pdb
c:\users\love\desktop\dacs_19.14b\doanlaptrinh_phanvanbinh_huynhthiailinh-20201223t085641z-001\doanlaptrinh_phanvanbinh_huynhthiailinh\doanlaptrinh_phanvanbinh_huynhthiailinh\debug\doanlapt.14b2f65b.tlog\cl.command.1.tlog
c:\users\love\desktop\dacs_19.14b\doanlaptrinh_phanvanbinh_huynhthiailinh-20201223t085641z-001\doanlaptrinh_phanvanbinh_huynhthiailinh\doanlaptrinh_phanvanbinh_huynhthiailinh\debug\doanlapt.14b2f65b.tlog\cl.read.1.tlog
c:\users\love\desktop\dacs_19.14b\doanlaptrinh_phanvanbinh_huynhthiailinh-20201223t085641z-001\doanlaptrinh_phanvanbinh_huynhthiailinh\doanlaptrinh_phanvanbinh_huynhthiailinh\debug\doanlapt.14b2f65b.tlog\cl.write.1.tlog
c:\users\love\desktop\dacs_19.14b\doanlaptrinh_phanvanbinh_huynhthiailinh-20201223t085641z-001\doanlaptrinh_phanvanbinh_huynhthiailinh\doanlaptrinh_phanvanbinh_huynhthiailinh\debug\doanlapt.14b2f65b.tlog\link.command.1.tlog
c:\users\love\desktop\dacs_19.14b\doanlaptrinh_phanvanbinh_huynhthiailinh-20201223t085641z-001\doanlaptrinh_phanvanbinh_huynhthiailinh\doanlaptrinh_phanvanbinh_huynhthiailinh\debug\doanlapt.14b2f65b.tlog\link.read.1.tlog
c:\users\love\desktop\dacs_19.14b\doanlaptrinh_phanvanbinh_huynhthiailinh-20201223t085641z-001\doanlaptrinh_phanvanbinh_huynhthiailinh\doanlaptrinh_phanvanbinh_huynhthiailinh\debug\doanlapt.14b2f65b.tlog\link.write.1.tlog
